0 info it worked if it ends with ok
1 verbose cli [ 'node',
1 verbose cli   '/usr/local/bin/npm',
1 verbose cli   'view',
1 verbose cli   '--json',
1 verbose cli   '--',
1 verbose cli   '@rippingyard/utils',
1 verbose cli   'description',
1 verbose cli   'dist-tags.latest',
1 verbose cli   'homepage',
1 verbose cli   'version',
1 verbose cli   'time' ]
2 info using npm@2.1.18
3 info using node@v0.10.28
4 silly mapToRegistry name @rippingyard/utils
5 silly mapToRegistry scope (from package name) @rippingyard
6 verbose mapToRegistry no registry URL found in name for scope @rippingyard
7 silly mapToRegistry using default registry
8 silly mapToRegistry registry https://registry.npmjs.org/
9 silly mapToRegistry uri https://registry.npmjs.org/@rippingyard%2futils
10 verbose request uri https://registry.npmjs.org/@rippingyard%2futils
11 verbose request no auth needed
12 info attempt registry request try #1 at 00:55:44
13 verbose request id c32ead3ab0df6f71
14 http request GET https://registry.npmjs.org/@rippingyard%2futils
15 http 404 https://registry.npmjs.org/@rippingyard%2futils
16 verbose headers { date: 'Mon, 01 Sep 2025 15:55:45 GMT',
16 verbose headers   'content-type': 'application/json',
16 verbose headers   'content-length': '21',
16 verbose headers   connection: 'keep-alive',
16 verbose headers   vary: 'Accept-Encoding',
16 verbose headers   'set-cookie': [ '_cfuvid=OA6G4Fzg2m5awScQZFaIFkjo97SG4KASKEgw1mX4tvA-1756742145648-0.0.1.1-604800000; path=/; domain=.npmjs.org; HttpOnly; Secure; SameSite=None' ],
16 verbose headers   server: 'cloudflare',
16 verbose headers   'cf-ray': '9785f4268fffaf58-NRT' }
17 silly get cb [ 404,
17 silly get   { date: 'Mon, 01 Sep 2025 15:55:45 GMT',
17 silly get     'content-type': 'application/json',
17 silly get     'content-length': '21',
17 silly get     connection: 'keep-alive',
17 silly get     vary: 'Accept-Encoding',
17 silly get     'set-cookie': [ '_cfuvid=OA6G4Fzg2m5awScQZFaIFkjo97SG4KASKEgw1mX4tvA-1756742145648-0.0.1.1-604800000; path=/; domain=.npmjs.org; HttpOnly; Secure; SameSite=None' ],
17 silly get     server: 'cloudflare',
17 silly get     'cf-ray': '9785f4268fffaf58-NRT' } ]
18 verbose stack Error: Not found : @rippingyard%2futils
18 verbose stack     at CachingRegistryClient.<anonymous> (/usr/local/lib/node_modules/npm/node_modules/npm-registry-client/lib/request.js:244:14)
18 verbose stack     at Request._callback (/usr/local/lib/node_modules/npm/node_modules/npm-registry-client/lib/request.js:172:14)
18 verbose stack     at Request.self.callback (/usr/local/lib/node_modules/npm/node_modules/request/request.js:373:22)
18 verbose stack     at Request.EventEmitter.emit (events.js:98:17)
18 verbose stack     at Request.<anonymous> (/usr/local/lib/node_modules/npm/node_modules/request/request.js:1318:14)
18 verbose stack     at Request.EventEmitter.emit (events.js:117:20)
18 verbose stack     at IncomingMessage.<anonymous> (/usr/local/lib/node_modules/npm/node_modules/request/request.js:1266:12)
18 verbose stack     at IncomingMessage.EventEmitter.emit (events.js:117:20)
18 verbose stack     at _stream_readable.js:919:16
18 verbose stack     at process._tickCallback (node.js:419:13)
19 verbose statusCode 404
20 verbose pkgid @rippingyard%2futils
21 verbose cwd /Users/mcatm/Sites/ry/rippingyard.com/apps/www
22 error Darwin 23.5.0
23 error argv "node" "/usr/local/bin/npm" "view" "--json" "--" "@rippingyard/utils" "description" "dist-tags.latest" "homepage" "version" "time"
24 error node v0.10.28
25 error npm  v2.1.18
26 error code E404
27 error 404 Not found : @rippingyard%2futils
27 error 404
27 error 404 '@rippingyard%2futils' is not in the npm registry.
27 error 404 You should bug the author to publish it (or use the name yourself!)
27 error 404
27 error 404 Note that you can also install from a
27 error 404 tarball, folder, http url, or git url.
28 verbose exit [ 1, true ]
